<?xml version="1.0" encoding="UTF-8"?>
<!-- Generated by org.testng.reporters.JUnitReportReporter -->
<testsuite hostname="DESKTOP-OQVSJB4" failures="0" tests="3" name="practice.TestsCases.SubmitOrderTest" time="21.100" errors="0" timestamp="31 Jan 2023 10:01:15 GMT" skipped="0">
  <testcase classname="practice.TestsCases.SubmitOrderTest" name="submitOrder" time="8.735"/>
  <testcase classname="practice.TestsCases.SubmitOrderTest" name="submitOrder" time="7.470"/>
  <testcase classname="practice.TestsCases.SubmitOrderTest" name="OrderHistoryTest" time="4.895"/>
</testsuite> <!-- practice.TestsCases.SubmitOrderTest -->
