<?xml version="1.0" encoding="UTF-8"?>
<!-- Generated by org.testng.reporters.JUnitReportReporter -->
<testsuite hostname="DESKTOP-OQVSJB4" failures="0" tests="2" name="practice.TestsCases.ErrorValidation" time="15.229" errors="0" timestamp="31 Jan 2023 10:01:15 GMT" skipped="0">
  <testcase classname="practice.TestsCases.ErrorValidation" name="ProductErrorValidation" time="7.612"/>
  <testcase classname="practice.TestsCases.ErrorValidation" name="LoginErrorValidation" time="7.617"/>
</testsuite> <!-- practice.TestsCases.ErrorValidation -->
